{"name": "User is able to open Privacy policy", "status": "failed", "statusDetails": {"message": "AssertionError: terms-conditions/ not in https://www.target.com/c/target-privacy-policy/-/N-4sr7p\n", "trace": "  File \"C:\\Users\\Admin\\python-selenium-automation-2024\\venv\\Lib\\site-packages\\behave\\model.py\", line 1329, in run\n    match.run(runner.context)\n  File \"C:\\Users\\Admin\\python-selenium-automation-2024\\venv\\Lib\\site-packages\\behave\\matchers.py\", line 98, in run\n    self.func(context, *args, **kwargs)\n  File \"features\\steps\\target_app_page.py\", line 31, in verify_privacy_policy\n    context.app.target_app_page.verify_page_opened()\n  File \"C:\\Users\\Admin\\python-selenium-automation-2024\\pages\\target_app_page.py\", line 15, in verify_page_opened\n    self.partial_url('terms-conditions/')\n  File \"C:\\Users\\Admin\\python-selenium-automation-2024\\pages\\base_page.py\", line 87, in partial_url\n    assert expected_url in current_url, f'{expected_url} not in {current_url}'\n"}, "steps": [{"name": "Given Open Target App Page2", "status": "passed", "start": 1728681178056, "stop": 1728681180339}, {"name": "And Store original window", "status": "passed", "start": 1728681180339, "stop": 1728681180341}, {"name": "When Click Privacy Policy Link", "status": "passed", "start": 1728681180342, "stop": 1728681181271}, {"name": "And Switch to a new window", "status": "passed", "start": 1728681181272, "stop": 1728681181295}, {"name": "Then Verify privacy policy page opened", "status": "failed", "statusDetails": {"message": "AssertionError: terms-conditions/ not in https://www.target.com/c/target-privacy-policy/-/N-4sr7p\n", "trace": "  File \"C:\\Users\\Admin\\python-selenium-automation-2024\\venv\\Lib\\site-packages\\behave\\model.py\", line 1329, in run\n    match.run(runner.context)\n  File \"C:\\Users\\Admin\\python-selenium-automation-2024\\venv\\Lib\\site-packages\\behave\\matchers.py\", line 98, in run\n    self.func(context, *args, **kwargs)\n  File \"features\\steps\\target_app_page.py\", line 31, in verify_privacy_policy\n    context.app.target_app_page.verify_page_opened()\n  File \"C:\\Users\\Admin\\python-selenium-automation-2024\\pages\\target_app_page.py\", line 15, in verify_page_opened\n    self.partial_url('terms-conditions/')\n  File \"C:\\Users\\Admin\\python-selenium-automation-2024\\pages\\base_page.py\", line 87, in partial_url\n    assert expected_url in current_url, f'{expected_url} not in {current_url}'\n"}, "start": 1728681181295, "stop": 1728681183187}, {"name": "And Close the current page", "status": "skipped", "start": 1728681185407, "stop": 1728681185407}, {"name": "And Return to the original window", "status": "skipped", "start": 1728681185407, "stop": 1728681185407}], "start": 1728681175829, "stop": 1728681185407, "uuid": "67346b7f-3d71-48b5-9026-7fddd77c95b8", "historyId": "cc164c458442c9f0b80a0d33298fa449", "fullName": "Tests for Target App page: User is able to open Privacy policy", "labels": [{"name": "severity", "value": "normal"}, {"name": "feature", "value": "Tests for Target App page"}, {"name": "framework", "value": "behave"}, {"name": "language", "value": "cpython3"}]}